\BOOKMARK [0][-]{chapter.1}{\376\377\0001\000\040\000N\000a\000m\000e\000s\000p\000a\000c\000e\000\040\000I\000n\000d\000e\000x}{}% 1
\BOOKMARK [1][-]{section.1.1}{\376\377\0001\000.\0001\000\040\000N\000a\000m\000e\000s\000p\000a\000c\000e\000\040\000L\000i\000s\000t}{chapter.1}% 2
\BOOKMARK [0][-]{chapter.2}{\376\377\0002\000\040\000N\000a\000m\000e\000s\000p\000a\000c\000e\000\040\000D\000o\000c\000u\000m\000e\000n\000t\000a\000t\000i\000o\000n}{}% 3
\BOOKMARK [1][-]{section.2.1}{\376\377\0002\000.\0001\000\040\000p\000e\000s\000s\000u\000m\000\040\000N\000a\000m\000e\000s\000p\000a\000c\000e\000\040\000R\000e\000f\000e\000r\000e\000n\000c\000e}{chapter.2}% 4
\BOOKMARK [2][-]{subsection.2.1.1}{\376\377\0002\000.\0001\000.\0001\000\040\000D\000e\000t\000a\000i\000l\000e\000d\000\040\000D\000e\000s\000c\000r\000i\000p\000t\000i\000o\000n}{section.2.1}% 5
\BOOKMARK [1][-]{section.2.2}{\376\377\0002\000.\0002\000\040\000p\000e\000s\000s\000u\000m\000:\000:\000l\000o\000g\000\040\000N\000a\000m\000e\000s\000p\000a\000c\000e\000\040\000R\000e\000f\000e\000r\000e\000n\000c\000e}{chapter.2}% 6
\BOOKMARK [2][-]{subsection.2.2.1}{\376\377\0002\000.\0002\000.\0001\000\040\000D\000e\000t\000a\000i\000l\000e\000d\000\040\000D\000e\000s\000c\000r\000i\000p\000t\000i\000o\000n}{section.2.2}% 7
\BOOKMARK [2][-]{subsection.2.2.2}{\376\377\0002\000.\0002\000.\0002\000\040\000E\000n\000u\000m\000e\000r\000a\000t\000i\000o\000n\000\040\000T\000y\000p\000e\000\040\000D\000o\000c\000u\000m\000e\000n\000t\000a\000t\000i\000o\000n}{section.2.2}% 8
\BOOKMARK [3][-]{subsubsection.2.2.2.1}{\376\377\0002\000.\0002\000.\0002\000.\0001\000\040\000L\000o\000g\000T\000y\000p\000e}{subsection.2.2.2}% 9
\BOOKMARK [2][-]{subsection.2.2.3}{\376\377\0002\000.\0002\000.\0003\000\040\000F\000u\000n\000c\000t\000i\000o\000n\000\040\000D\000o\000c\000u\000m\000e\000n\000t\000a\000t\000i\000o\000n}{section.2.2}% 10
\BOOKMARK [3][-]{subsubsection.2.2.3.1}{\376\377\0002\000.\0002\000.\0003\000.\0001\000\040\000F\000G\000e\000t\000L\000o\000g\000\050\000\051}{subsection.2.2.3}% 11
\BOOKMARK [3][-]{subsubsection.2.2.3.2}{\376\377\0002\000.\0002\000.\0003\000.\0002\000\040\000G\000e\000t\000L\000o\000g\000\050\000\051}{subsection.2.2.3}% 12
\BOOKMARK [3][-]{subsubsection.2.2.3.3}{\376\377\0002\000.\0002\000.\0003\000.\0003\000\040\000G\000e\000t\000T\000y\000p\000e\000S\000t\000r\000\050\000\051}{subsection.2.2.3}% 13
\BOOKMARK [3][-]{subsubsection.2.2.3.4}{\376\377\0002\000.\0002\000.\0003\000.\0004\000\040\000I\000F\000G\000e\000t\000L\000o\000g\000\050\000\051}{subsection.2.2.3}% 14
\BOOKMARK [3][-]{subsubsection.2.2.3.5}{\376\377\0002\000.\0002\000.\0003\000.\0005\000\040\000I\000G\000e\000t\000L\000o\000g\000\050\000\051}{subsection.2.2.3}% 15
\BOOKMARK [3][-]{subsubsection.2.2.3.6}{\376\377\0002\000.\0002\000.\0003\000.\0006\000\040\000L\000o\000g\000\050\000\051}{subsection.2.2.3}% 16
\BOOKMARK [3][-]{subsubsection.2.2.3.7}{\376\377\0002\000.\0002\000.\0003\000.\0007\000\040\000S\000a\000v\000e\000L\000o\000g\000\050\000\051}{subsection.2.2.3}% 17
\BOOKMARK [3][-]{subsubsection.2.2.3.8}{\376\377\0002\000.\0002\000.\0003\000.\0008\000\040\000S\000e\000t\000L\000o\000g\000H\000a\000n\000d\000l\000e\000\050\000\051\000\040\000[\0001\000/\0002\000]}{subsection.2.2.3}% 18
\BOOKMARK [3][-]{subsubsection.2.2.3.9}{\376\377\0002\000.\0002\000.\0003\000.\0009\000\040\000S\000e\000t\000L\000o\000g\000H\000a\000n\000d\000l\000e\000\050\000\051\000\040\000[\0002\000/\0002\000]}{subsection.2.2.3}% 19
\BOOKMARK [3][-]{subsubsection.2.2.3.10}{\376\377\0002\000.\0002\000.\0003\000.\0001\0000\000\040\000V\000F\000G\000e\000t\000L\000o\000g\000\050\000\051}{subsection.2.2.3}% 20
\BOOKMARK [3][-]{subsubsection.2.2.3.11}{\376\377\0002\000.\0002\000.\0003\000.\0001\0001\000\040\000V\000G\000e\000t\000L\000o\000g\000\050\000\051}{subsection.2.2.3}% 21
\BOOKMARK [2][-]{subsection.2.2.4}{\376\377\0002\000.\0002\000.\0004\000\040\000V\000a\000r\000i\000a\000b\000l\000e\000\040\000D\000o\000c\000u\000m\000e\000n\000t\000a\000t\000i\000o\000n}{section.2.2}% 22
\BOOKMARK [3][-]{subsubsection.2.2.4.1}{\376\377\0002\000.\0002\000.\0004\000.\0001\000\040\000g\000l\000o\000b\000a\000l\000\137\000l\000o\000g\000s}{subsection.2.2.4}% 23
\BOOKMARK [3][-]{subsubsection.2.2.4.2}{\376\377\0002\000.\0002\000.\0004\000.\0002\000\040\000l\000o\000g\000\137\000h\000a\000n\000d\000l\000e}{subsection.2.2.4}% 24
\BOOKMARK [3][-]{subsubsection.2.2.4.3}{\376\377\0002\000.\0002\000.\0004\000.\0003\000\040\000l\000o\000g\000\137\000h\000a\000n\000d\000l\000e\000\137\000f\000u\000l\000l}{subsection.2.2.4}% 25
\BOOKMARK [0][-]{section*.6}{\376\377\000I\000n\000d\000e\000x}{}% 26
